e:\repos\test\cpp--cli--csharp-test\cliwrapper\x64\debug\cliwrapper.pch
e:\repos\test\cpp--cli--csharp-test\cliwrapper\x64\debug\vc143.pdb
e:\repos\test\cpp--cli--csharp-test\cliwrapper\x64\debug\pch.obj
e:\repos\test\cpp--cli--csharp-test\cliwrapper\x64\debug\cliwrapper.obj
e:\repos\test\cpp--cli--csharp-test\cliwrapper\x64\debug\assemblyinfo.obj
e:\repos\test\cpp--cli--csharp-test\cliwrapper\x64\debug\.netframework,version=v4.7.2.assemblyattributes.obj
e:\repos\test\cpp--cli--csharp-test\cliwrapper\x64\debug\.netcoreapp,version=v7.0.assemblyattributes.obj
e:\repos\test\cpp--cli--csharp-test\cliwrapper\x64\debug\app.res
e:\repos\test\cpp--cli--csharp-test\cliwrapper\x64\debug\cliwrapper.assets.cache
e:\repos\test\cpp--cli--csharp-test\cliwrapper\x64\debug\cliwrapper.vcxproj.assemblyreference.cache
e:\repos\test\cpp--cli--csharp-test\x64\debug\cliwrapper.pdb
e:\repos\test\cpp--cli--csharp-test\cliwrapper\x64\debug\cliwrapper.tlog\cl.command.1.tlog
e:\repos\test\cpp--cli--csharp-test\cliwrapper\x64\debug\cliwrapper.tlog\cl.read.1.tlog
e:\repos\test\cpp--cli--csharp-test\cliwrapper\x64\debug\cliwrapper.tlog\cl.write.1.tlog
e:\repos\test\cpp--cli--csharp-test\cliwrapper\x64\debug\cliwrapper.tlog\link.22792-cvtres.read.1.tlog
e:\repos\test\cpp--cli--csharp-test\cliwrapper\x64\debug\cliwrapper.tlog\link.22792-cvtres.write.1.tlog
e:\repos\test\cpp--cli--csharp-test\cliwrapper\x64\debug\cliwrapper.tlog\link.22792-rc.read.1.tlog
e:\repos\test\cpp--cli--csharp-test\cliwrapper\x64\debug\cliwrapper.tlog\link.22792-rc.write.1.tlog
e:\repos\test\cpp--cli--csharp-test\cliwrapper\x64\debug\cliwrapper.tlog\link.22792.read.1.tlog
e:\repos\test\cpp--cli--csharp-test\cliwrapper\x64\debug\cliwrapper.tlog\link.22792.read.2.tlog
e:\repos\test\cpp--cli--csharp-test\cliwrapper\x64\debug\cliwrapper.tlog\link.22792.write.1.tlog
e:\repos\test\cpp--cli--csharp-test\cliwrapper\x64\debug\cliwrapper.tlog\link.25716-cvtres.read.1.tlog
e:\repos\test\cpp--cli--csharp-test\cliwrapper\x64\debug\cliwrapper.tlog\link.25716-cvtres.write.1.tlog
e:\repos\test\cpp--cli--csharp-test\cliwrapper\x64\debug\cliwrapper.tlog\link.25716-rc.read.1.tlog
e:\repos\test\cpp--cli--csharp-test\cliwrapper\x64\debug\cliwrapper.tlog\link.25716-rc.write.1.tlog
e:\repos\test\cpp--cli--csharp-test\cliwrapper\x64\debug\cliwrapper.tlog\link.25716.read.1.tlog
e:\repos\test\cpp--cli--csharp-test\cliwrapper\x64\debug\cliwrapper.tlog\link.25716.read.2.tlog
e:\repos\test\cpp--cli--csharp-test\cliwrapper\x64\debug\cliwrapper.tlog\link.25716.write.1.tlog
e:\repos\test\cpp--cli--csharp-test\cliwrapper\x64\debug\cliwrapper.tlog\link.8608-cvtres.read.1.tlog
e:\repos\test\cpp--cli--csharp-test\cliwrapper\x64\debug\cliwrapper.tlog\link.8608-cvtres.write.1.tlog
e:\repos\test\cpp--cli--csharp-test\cliwrapper\x64\debug\cliwrapper.tlog\link.8608-rc.read.1.tlog
e:\repos\test\cpp--cli--csharp-test\cliwrapper\x64\debug\cliwrapper.tlog\link.8608-rc.write.1.tlog
e:\repos\test\cpp--cli--csharp-test\cliwrapper\x64\debug\cliwrapper.tlog\link.8608.read.1.tlog
e:\repos\test\cpp--cli--csharp-test\cliwrapper\x64\debug\cliwrapper.tlog\link.8608.read.2.tlog
e:\repos\test\cpp--cli--csharp-test\cliwrapper\x64\debug\cliwrapper.tlog\link.8608.write.1.tlog
e:\repos\test\cpp--cli--csharp-test\cliwrapper\x64\debug\cliwrapper.tlog\link.command.1.tlog
e:\repos\test\cpp--cli--csharp-test\cliwrapper\x64\debug\cliwrapper.tlog\link.read.1.tlog
e:\repos\test\cpp--cli--csharp-test\cliwrapper\x64\debug\cliwrapper.tlog\link.read.2.tlog
e:\repos\test\cpp--cli--csharp-test\cliwrapper\x64\debug\cliwrapper.tlog\link.write.1.tlog
e:\repos\test\cpp--cli--csharp-test\cliwrapper\x64\debug\cliwrapper.tlog\metagen.read.1.tlog
e:\repos\test\cpp--cli--csharp-test\cliwrapper\x64\debug\cliwrapper.tlog\metagen.write.1.tlog
e:\repos\test\cpp--cli--csharp-test\cliwrapper\x64\debug\cliwrapper.tlog\rc.command.1.tlog
e:\repos\test\cpp--cli--csharp-test\cliwrapper\x64\debug\cliwrapper.tlog\rc.read.1.tlog
e:\repos\test\cpp--cli--csharp-test\cliwrapper\x64\debug\cliwrapper.tlog\rc.write.1.tlog
